Output line: 0
Data list: [0.9231242  0.9520552  0.16419049 0.2875123 ]
Output line: 1
Data list: [0.75649267 0.59723351 0.69866073 0.85413021]
Output line: 2
Data list: [0.15053753 0.58358505 0.65093612 0.88511567]
Output line: 3
Data list: [0.24513882 0.27662809 0.19067513 0.46424929]
Output line: 4
Data list: [0.68916301 0.99953793 0.88502224 0.83918615]
Output line: 5
Data list: [0.38693733 0.4254725  0.30676766 0.08877342]
Output line: 6
Data list: [0.90182028 0.58341379 0.56190226 0.78819551]
Output line: 7
Data list: [0.68561665 0.85132527 0.34818049 0.23119718]
Output line: 8
Data list: [0.98547626 0.47777526 0.05729127 0.44856086]
Output line: 9
Data list: [0.67194541 0.49925154 0.84045865 0.55134991]
Output line: 10
Data list: [0.34614759 0.941556   0.26784872 0.63066908]
Output line: 11
Data list: [0.2964487  0.03091011 0.08273448 0.40834978]
Output line: 12
Data list: [0.61621349 0.92493373 0.70615985 0.00886955]
Output line: 13
Data list: [0.02164179 0.16970668 0.19164367 0.18846118]
Output line: 14
Data list: [0.41078515 0.45643336 0.00603769 0.8372845 ]
Output line: 15
Data list: [0.71789555 0.22501848 0.50098618 0.49769138]
Output line: 16
Data list: [0.83865568 0.98632991 0.29727472 0.94772367]
Output line: 17
Data list: [0.45959014 0.28947865 0.50328974 0.69216462]
Output line: 18
Data list: [0.80812023 0.57367406 0.38808074 0.31049705]
Output line: 19
Data list: [0.63506076 0.95446079 0.99776198 0.49554824]
Output line: 20
Data list: [0.41257902 0.3632337  0.23593398 0.62382825]
Output line: 21
Data list: [0.76695847 0.66699204 0.05814985 0.0620535 ]
Output line: 22
Data list: [0.85499542 0.41884201 0.21138617 0.58137199]
Output line: 23
Data list: [0.41132288 0.06404868 0.17989732 0.26009686]
Output line: 24
Data list: [0.52844274 0.4188785  0.52484208 0.12130924]
Output line: 25
Data list: [0.33742679 0.85111435 0.55923416 0.79466102]
Output line: 26
Data list: [0.38744265 0.7324066  0.67422634 0.78154008]
Output line: 27
Data list: [0.4734496  0.58823825 0.85484287 0.77891229]
Output line: 28
Data list: [0.11621085 0.36561516 0.54240171 0.346377  ]
Output line: 29
Data list: [0.88085798 0.08600673 0.52852957 0.53467315]
Output line: 30
Data list: [0.38799311 0.6093623  0.21563821 0.08903978]
Output line: 31
Data list: [0.4407081  0.42845977 0.8838279  0.55980743]
Output line: 32
Data list: [0.00962817 0.64109238 0.15219197 0.94243167]
Output line: 33
Data list: [0.29094442 0.83403351 0.68548661 0.98008295]
Output line: 34
Data list: [0.26549414 0.0695179  0.23992138 0.9514233 ]
Output line: 35
Data list: [0.01370807 0.41197565 0.99808963 0.88488084]
Output line: 36
Data list: [0.93210393 0.65361099 0.26145185 0.52763362]
Output line: 37
Data list: [0.18883094 0.266104   0.87234894 0.82899427]
Output line: 38
Data list: [0.09396696 0.79014313 0.08496706 0.0124364 ]
Output line: 39
Data list: [0.8315296  0.07196964 0.70356851 0.62267556]
Output line: 40
Data list: [0.01511487 0.18176464 0.69532886 0.6242135 ]
Output line: 41
Data list: [0.64075467 0.49445898 0.28138959 0.39168189]
Output line: 42
Data list: [0.3485141  0.84504738 0.17063675 0.63261735]
Output line: 43
Data list: [0.70372399 0.81807215 0.06502798 0.5003919 ]
Output line: 44
Data list: [0.38399521 0.45214864 0.8258341  0.79679479]
Output line: 45
Data list: [0.88992495 0.25837927 0.39112998 0.86214185]
Output line: 46
Data list: [0.20776206 0.90577544 0.00657369 0.00627221]
Output line: 47
Data list: [0.27372299 0.7123855  0.22180109 0.67629421]
Output line: 48
Data list: [0.27265817 0.95314009 0.13767147 0.30928791]
Output line: 49
Data list: [0.19402365 0.66549634 0.22584071 0.51748202]
Output line: 50
Data list: [0.65501826 0.9303057  0.86250568 0.42055488]
Output line: 51
Data list: [0.44748392 0.09166345 0.75320781 0.19217169]
Output line: 52
Data list: [0.39024307 0.42804768 0.41829122 0.73257569]
Output line: 53
Data list: [0.45705446 0.47160683 0.39615362 0.36458759]
Output line: 54
Data list: [0.89150015 0.24290941 0.30263851 0.58459619]
Output line: 55
Data list: [0.57449661 0.01232392 0.86712821 0.74683627]
Output line: 56
Data list: [0.40555443 0.38248703 0.76404751 0.57960435]
Output line: 57
Data list: [0.49827284 0.87852068 0.11218909 0.43925262]
Output line: 58
Data list: [0.4350571  0.47072209 0.68220513 0.44943811]
Output line: 59
Data list: [0.87034499 0.99957944 0.31026135 0.52727471]
Output line: 60
Data list: [0.31884063 0.45834523 0.53401612 0.34964563]
Output line: 61
Data list: [0.68645742 0.12877563 0.27892496 0.07027093]
Output line: 62
Data list: [0.83323852 0.63772418 0.47949323 0.17540132]
Output line: 63
Data list: [0.50780633 0.29459266 0.88270157 0.94186272]
Output line: 64
Data list: [0.41174161 0.48889685 0.3703972  0.89880682]
Output line: 65
Data list: [0.03704571 0.87727022 0.61598585 0.88101878]
Output line: 66
Data list: [0.28116165 0.76896792 0.99196547 0.94413784]
Output line: 67
Data list: [0.22359181 0.0323492  0.60112325 0.79079008]
Output line: 68
Data list: [0.46706621 0.42135655 0.0474683  0.20406599]
Output line: 69
Data list: [0.74449193 0.38316906 0.65826842 0.23664698]
Output line: 70
Data list: [0.48077552 0.96597186 0.09794669 0.64044078]
Output line: 71
Data list: [0.05902256 0.66324795 0.62987291 0.77392591]
Output line: 72
Data list: [0.91451424 0.25037486 0.05856451 0.57181822]
Output line: 73
Data list: [0.33055424 0.96859256 0.45826319 0.00460168]
Output line: 74
Data list: [0.48860312 0.65580509 0.03539566 0.51560369]
Output line: 75
Data list: [0.61827908 0.61458466 0.31052339 0.609973  ]
Output line: 76
Data list: [0.44726464 0.06590672 0.79898808 0.43633715]
Output line: 77
Data list: [0.46262503 0.99072369 0.0390817  0.93956587]
Output line: 78
Data list: [0.46182413 0.7976949  0.168302   0.17061704]
Output line: 79
Data list: [0.37916937 0.16567251 0.39557887 0.68092702]
Output line: 80
Data list: [0.80691718 0.69589232 0.96596037 0.84841586]
Output line: 81
Data list: [0.21737965 0.26669024 0.66358563 0.5618582 ]
Output line: 82
Data list: [0.50221773 0.92409834 0.83381936 0.40369679]
Output line: 83
Data list: [0.0411539  0.28666613 0.49479231 0.21349141]
Output line: 84
Data list: [0.38712363 0.3490271  0.2245005  0.34850627]
Output line: 85
Data list: [0.05747254 0.43134182 0.66961174 0.25536084]
Output line: 86
Data list: [0.07286503 0.6539631  0.83675943 0.0810517 ]
Output line: 87
Data list: [0.97349412 0.46388617 0.97614731 0.47953166]
Output line: 88
Data list: [0.03704707 0.69317491 0.58703193 0.5766711 ]
Output line: 89
Data list: [0.91137545 0.63511485 0.26299067 0.21165683]
Output line: 90
Data list: [0.50736286 0.81665962 0.39329873 0.71847275]
Output line: 91
Data list: [0.25590371 0.71254753 0.37944626 0.1691118 ]
Output line: 92
Data list: [0.57429416 0.79153908 0.57513869 0.67425451]
Output line: 93
Data list: [0.1386921  0.88032594 0.57811544 0.15790537]
Output line: 94
Data list: [0.51873831 0.57762207 0.15392644 0.96604945]
Output line: 95
Data list: [0.89238004 0.76074213 0.42554213 0.63900879]
Output line: 96
Data list: [0.93017427 0.43627382 0.72452394 0.51189969]
Output line: 97
Data list: [0.32372229 0.15064914 0.69889685 0.17689069]
Output line: 98
Data list: [0.58192462 0.43581351 0.16537362 0.21447751]
Output line: 99
Data list: [0.89533186 0.52916196 0.9248665  0.08308761]
